{"/home/user/Desktop/bug-tracker/src/store/api.js": {"path":"/home/user/Desktop/bug-tracker/src/store/api.js","statementMap":{"0":{"start":{"line":3,"column":28},"end":{"line":3,"column":57}},"1":{"start":{"line":4,"column":30},"end":{"line":4,"column":61}},"2":{"start":{"line":5,"column":29},"end":{"line":5,"column":59}}},"fnMap":{},"branchMap":{},"s":{"0":1,"1":1,"2":1},"f":{},"b":{},"_coverageSchema":"1a1c01bbd47fc00a2c39e90264f33305004495a9","hash":"e590135431c46124daa4688fa109f7e75e81009c"}
,"/home/user/Desktop/bug-tracker/src/store/bugs.js": {"path":"/home/user/Desktop/bug-tracker/src/store/bugs.js","statementMap":{"0":{"start":{"line":7,"column":21},"end":{"line":51,"column":2}},"1":{"start":{"line":18,"column":12},"end":{"line":18,"column":33}},"2":{"start":{"line":22,"column":12},"end":{"line":22,"column":32}},"3":{"start":{"line":26,"column":12},"end":{"line":26,"column":39}},"4":{"start":{"line":27,"column":12},"end":{"line":27,"column":33}},"5":{"start":{"line":28,"column":12},"end":{"line":28,"column":40}},"6":{"start":{"line":32,"column":42},"end":{"line":32,"column":56}},"7":{"start":{"line":33,"column":26},"end":{"line":33,"column":70}},"8":{"start":{"line":33,"column":53},"end":{"line":33,"column":69}},"9":{"start":{"line":34,"column":12},"end":{"line":34,"column":45}},"10":{"start":{"line":38,"column":12},"end":{"line":38,"column":42}},"11":{"start":{"line":42,"column":26},"end":{"line":42,"column":82}},"12":{"start":{"line":42,"column":53},"end":{"line":42,"column":81}},"13":{"start":{"line":43,"column":12},"end":{"line":43,"column":45}},"14":{"start":{"line":47,"column":12},"end":{"line":47,"column":65}},"15":{"start":{"line":47,"column":36},"end":{"line":47,"column":64}},"16":{"start":{"line":62,"column":4},"end":{"line":62,"column":17}},"17":{"start":{"line":67,"column":12},"end":{"line":67,"column":19}},"18":{"start":{"line":69,"column":24},"end":{"line":83,"column":1}},"19":{"start":{"line":69,"column":30},"end":{"line":83,"column":1}},"20":{"start":{"line":70,"column":26},"end":{"line":70,"column":50}},"21":{"start":{"line":72,"column":26},"end":{"line":72,"column":69}},"22":{"start":{"line":73,"column":4},"end":{"line":73,"column":35}},"23":{"start":{"line":73,"column":28},"end":{"line":73,"column":35}},"24":{"start":{"line":75,"column":4},"end":{"line":82,"column":5}},"25":{"start":{"line":85,"column":22},"end":{"line":90,"column":2}},"26":{"start":{"line":85,"column":29},"end":{"line":90,"column":2}},"27":{"start":{"line":92,"column":26},"end":{"line":99,"column":2}},"28":{"start":{"line":92,"column":32},"end":{"line":99,"column":2}},"29":{"start":{"line":101,"column":31},"end":{"line":106,"column":2}},"30":{"start":{"line":101,"column":50},"end":{"line":106,"column":2}},"31":{"start":{"line":111,"column":33},"end":{"line":115,"column":1}},"32":{"start":{"line":112,"column":13},"end":{"line":112,"column":32}},"33":{"start":{"line":113,"column":13},"end":{"line":113,"column":36}},"34":{"start":{"line":114,"column":24},"end":{"line":114,"column":62}},"35":{"start":{"line":114,"column":48},"end":{"line":114,"column":61}},"36":{"start":{"line":117,"column":29},"end":{"line":121,"column":5}},"37":{"start":{"line":118,"column":4},"end":{"line":121,"column":5}},"38":{"start":{"line":119,"column":17},"end":{"line":119,"column":36}},"39":{"start":{"line":120,"column":16},"end":{"line":120,"column":57}},"40":{"start":{"line":120,"column":35},"end":{"line":120,"column":56}}},"fnMap":{"0":{"name":"(anonymous_0)","decl":{"start":{"line":17,"column":27},"end":{"line":17,"column":28}},"loc":{"start":{"line":17,"column":45},"end":{"line":19,"column":9}},"line":17},"1":{"name":"(anonymous_1)","decl":{"start":{"line":21,"column":23},"end":{"line":21,"column":24}},"loc":{"start":{"line":21,"column":41},"end":{"line":23,"column":9}},"line":21},"2":{"name":"(anonymous_2)","decl":{"start":{"line":25,"column":22},"end":{"line":25,"column":23}},"loc":{"start":{"line":25,"column":40},"end":{"line":29,"column":9}},"line":25},"3":{"name":"(anonymous_3)","decl":{"start":{"line":31,"column":27},"end":{"line":31,"column":28}},"loc":{"start":{"line":31,"column":45},"end":{"line":35,"column":9}},"line":31},"4":{"name":"(anonymous_4)","decl":{"start":{"line":33,"column":46},"end":{"line":33,"column":47}},"loc":{"start":{"line":33,"column":53},"end":{"line":33,"column":69}},"line":33},"5":{"name":"(anonymous_5)","decl":{"start":{"line":37,"column":18},"end":{"line":37,"column":19}},"loc":{"start":{"line":37,"column":36},"end":{"line":39,"column":9}},"line":37},"6":{"name":"(anonymous_6)","decl":{"start":{"line":41,"column":21},"end":{"line":41,"column":22}},"loc":{"start":{"line":41,"column":39},"end":{"line":44,"column":9}},"line":41},"7":{"name":"(anonymous_7)","decl":{"start":{"line":42,"column":46},"end":{"line":42,"column":47}},"loc":{"start":{"line":42,"column":53},"end":{"line":42,"column":81}},"line":42},"8":{"name":"(anonymous_8)","decl":{"start":{"line":46,"column":20},"end":{"line":46,"column":21}},"loc":{"start":{"line":46,"column":38},"end":{"line":48,"column":9}},"line":46},"9":{"name":"(anonymous_9)","decl":{"start":{"line":47,"column":29},"end":{"line":47,"column":30}},"loc":{"start":{"line":47,"column":36},"end":{"line":47,"column":64}},"line":47},"10":{"name":"(anonymous_10)","decl":{"start":{"line":69,"column":24},"end":{"line":69,"column":25}},"loc":{"start":{"line":69,"column":30},"end":{"line":83,"column":1}},"line":69},"11":{"name":"(anonymous_11)","decl":{"start":{"line":69,"column":30},"end":{"line":69,"column":31}},"loc":{"start":{"line":69,"column":54},"end":{"line":83,"column":1}},"line":69},"12":{"name":"(anonymous_12)","decl":{"start":{"line":85,"column":22},"end":{"line":85,"column":23}},"loc":{"start":{"line":85,"column":29},"end":{"line":90,"column":2}},"line":85},"13":{"name":"(anonymous_13)","decl":{"start":{"line":92,"column":26},"end":{"line":92,"column":27}},"loc":{"start":{"line":92,"column":32},"end":{"line":99,"column":2}},"line":92},"14":{"name":"(anonymous_14)","decl":{"start":{"line":101,"column":31},"end":{"line":101,"column":32}},"loc":{"start":{"line":101,"column":50},"end":{"line":106,"column":2}},"line":101},"15":{"name":"(anonymous_15)","decl":{"start":{"line":112,"column":4},"end":{"line":112,"column":5}},"loc":{"start":{"line":112,"column":13},"end":{"line":112,"column":32}},"line":112},"16":{"name":"(anonymous_16)","decl":{"start":{"line":113,"column":4},"end":{"line":113,"column":5}},"loc":{"start":{"line":113,"column":13},"end":{"line":113,"column":36}},"line":113},"17":{"name":"(anonymous_17)","decl":{"start":{"line":114,"column":4},"end":{"line":114,"column":5}},"loc":{"start":{"line":114,"column":24},"end":{"line":114,"column":62}},"line":114},"18":{"name":"(anonymous_18)","decl":{"start":{"line":114,"column":41},"end":{"line":114,"column":42}},"loc":{"start":{"line":114,"column":48},"end":{"line":114,"column":61}},"line":114},"19":{"name":"(anonymous_19)","decl":{"start":{"line":117,"column":29},"end":{"line":117,"column":30}},"loc":{"start":{"line":118,"column":4},"end":{"line":121,"column":5}},"line":118},"20":{"name":"(anonymous_20)","decl":{"start":{"line":119,"column":8},"end":{"line":119,"column":9}},"loc":{"start":{"line":119,"column":17},"end":{"line":119,"column":36}},"line":119},"21":{"name":"(anonymous_21)","decl":{"start":{"line":120,"column":8},"end":{"line":120,"column":9}},"loc":{"start":{"line":120,"column":16},"end":{"line":120,"column":57}},"line":120},"22":{"name":"(anonymous_22)","decl":{"start":{"line":120,"column":28},"end":{"line":120,"column":29}},"loc":{"start":{"line":120,"column":35},"end":{"line":120,"column":56}},"line":120}},"branchMap":{"0":{"loc":{"start":{"line":73,"column":4},"end":{"line":73,"column":35}},"type":"if","locations":[{"start":{"line":73,"column":4},"end":{"line":73,"column":35}},{"start":{"line":73,"column":4},"end":{"line":73,"column":35}}],"line":73}},"s":{"0":1,"1":2,"2":5,"3":3,"4":3,"5":3,"6":0,"7":0,"8":0,"9":0,"10":3,"11":1,"12":1,"13":1,"14":0,"15":0,"16":1,"17":1,"18":1,"19":6,"20":6,"21":6,"22":6,"23":1,"24":5,"25":1,"26":4,"27":1,"28":2,"29":1,"30":0,"31":1,"32":1,"33":1,"34":1,"35":3,"36":1,"37":0,"38":0,"39":0,"40":0},"f":{"0":2,"1":5,"2":3,"3":0,"4":0,"5":3,"6":1,"7":1,"8":0,"9":0,"10":6,"11":6,"12":4,"13":2,"14":0,"15":1,"16":1,"17":1,"18":3,"19":0,"20":0,"21":0,"22":0},"b":{"0":[1,5]},"_coverageSchema":"1a1c01bbd47fc00a2c39e90264f33305004495a9","hash":"23bb7ae8a009a26fedb9c706191e2a638570b5cf"}
,"/home/user/Desktop/bug-tracker/src/store/configureStore.js": {"path":"/home/user/Desktop/bug-tracker/src/store/configureStore.js","statementMap":{"0":{"start":{"line":8,"column":4},"end":{"line":16,"column":7}}},"fnMap":{"0":{"name":"(anonymous_0)","decl":{"start":{"line":7,"column":15},"end":{"line":7,"column":16}},"loc":{"start":{"line":7,"column":26},"end":{"line":17,"column":1}},"line":7}},"branchMap":{},"s":{"0":10},"f":{"0":10},"b":{},"_coverageSchema":"1a1c01bbd47fc00a2c39e90264f33305004495a9","hash":"ff4584ee0b25c56b64994c1cf4dbf000787a685f"}
,"/home/user/Desktop/bug-tracker/src/store/entities.js": {"path":"/home/user/Desktop/bug-tracker/src/store/entities.js","statementMap":{},"fnMap":{},"branchMap":{},"s":{},"f":{},"b":{},"_coverageSchema":"1a1c01bbd47fc00a2c39e90264f33305004495a9","hash":"22e7b0b82352aa966b728b48947389fcf42c016d"}
,"/home/user/Desktop/bug-tracker/src/store/projects.js": {"path":"/home/user/Desktop/bug-tracker/src/store/projects.js","statementMap":{"0":{"start":{"line":3,"column":13},"end":{"line":3,"column":14}},"1":{"start":{"line":5,"column":21},"end":{"line":17,"column":2}},"2":{"start":{"line":11,"column":12},"end":{"line":14,"column":14}},"3":{"start":{"line":20,"column":32},"end":{"line":20,"column":45}}},"fnMap":{"0":{"name":"(anonymous_0)","decl":{"start":{"line":10,"column":22},"end":{"line":10,"column":23}},"loc":{"start":{"line":10,"column":44},"end":{"line":15,"column":9}},"line":10}},"branchMap":{},"s":{"0":1,"1":1,"2":0,"3":1},"f":{"0":0},"b":{},"_coverageSchema":"1a1c01bbd47fc00a2c39e90264f33305004495a9","hash":"37aa8427b8ec20a1426fa92d72d91116d77dabad"}
,"/home/user/Desktop/bug-tracker/src/store/reducer.js": {"path":"/home/user/Desktop/bug-tracker/src/store/reducer.js","statementMap":{},"fnMap":{},"branchMap":{},"s":{},"f":{},"b":{},"_coverageSchema":"1a1c01bbd47fc00a2c39e90264f33305004495a9","hash":"91c99b9eed33c550568b5f9e504969fbdb443622"}
,"/home/user/Desktop/bug-tracker/src/store/users.js": {"path":"/home/user/Desktop/bug-tracker/src/store/users.js","statementMap":{"0":{"start":{"line":3,"column":13},"end":{"line":3,"column":14}},"1":{"start":{"line":5,"column":21},"end":{"line":17,"column":2}},"2":{"start":{"line":11,"column":12},"end":{"line":14,"column":14}},"3":{"start":{"line":20,"column":29},"end":{"line":20,"column":42}}},"fnMap":{"0":{"name":"(anonymous_0)","decl":{"start":{"line":10,"column":19},"end":{"line":10,"column":20}},"loc":{"start":{"line":10,"column":38},"end":{"line":15,"column":9}},"line":10}},"branchMap":{},"s":{"0":1,"1":1,"2":0,"3":1},"f":{"0":0},"b":{},"_coverageSchema":"1a1c01bbd47fc00a2c39e90264f33305004495a9","hash":"ea7d8ee9b6b5a4e7f3f2730ddb1c966060315adf"}
,"/home/user/Desktop/bug-tracker/src/store/middleware/api.js": {"path":"/home/user/Desktop/bug-tracker/src/store/middleware/api.js","statementMap":{"0":{"start":{"line":5,"column":12},"end":{"line":35,"column":1}},"1":{"start":{"line":5,"column":30},"end":{"line":35,"column":1}},"2":{"start":{"line":5,"column":38},"end":{"line":35,"column":1}},"3":{"start":{"line":6,"column":4},"end":{"line":6,"column":71}},"4":{"start":{"line":6,"column":51},"end":{"line":6,"column":71}},"5":{"start":{"line":9,"column":63},"end":{"line":9,"column":77}},"6":{"start":{"line":11,"column":4},"end":{"line":11,"column":45}},"7":{"start":{"line":11,"column":17},"end":{"line":11,"column":45}},"8":{"start":{"line":13,"column":4},"end":{"line":13,"column":17}},"9":{"start":{"line":15,"column":4},"end":{"line":33,"column":5}},"10":{"start":{"line":16,"column":25},"end":{"line":21,"column":10}},"11":{"start":{"line":23,"column":8},"end":{"line":23,"column":56}},"12":{"start":{"line":25,"column":8},"end":{"line":25,"column":62}},"13":{"start":{"line":29,"column":8},"end":{"line":29,"column":55}},"14":{"start":{"line":31,"column":8},"end":{"line":31,"column":73}},"15":{"start":{"line":31,"column":21},"end":{"line":31,"column":73}}},"fnMap":{"0":{"name":"(anonymous_0)","decl":{"start":{"line":5,"column":12},"end":{"line":5,"column":13}},"loc":{"start":{"line":5,"column":30},"end":{"line":35,"column":1}},"line":5},"1":{"name":"(anonymous_1)","decl":{"start":{"line":5,"column":30},"end":{"line":5,"column":31}},"loc":{"start":{"line":5,"column":38},"end":{"line":35,"column":1}},"line":5},"2":{"name":"(anonymous_2)","decl":{"start":{"line":5,"column":38},"end":{"line":5,"column":39}},"loc":{"start":{"line":5,"column":54},"end":{"line":35,"column":1}},"line":5}},"branchMap":{"0":{"loc":{"start":{"line":6,"column":4},"end":{"line":6,"column":71}},"type":"if","locations":[{"start":{"line":6,"column":4},"end":{"line":6,"column":71}},{"start":{"line":6,"column":4},"end":{"line":6,"column":71}}],"line":6},"1":{"loc":{"start":{"line":11,"column":4},"end":{"line":11,"column":45}},"type":"if","locations":[{"start":{"line":11,"column":4},"end":{"line":11,"column":45}},{"start":{"line":11,"column":4},"end":{"line":11,"column":45}}],"line":11},"2":{"loc":{"start":{"line":31,"column":8},"end":{"line":31,"column":73}},"type":"if","locations":[{"start":{"line":31,"column":8},"end":{"line":31,"column":73}},{"start":{"line":31,"column":8},"end":{"line":31,"column":73}}],"line":31}},"s":{"0":1,"1":10,"2":10,"3":36,"4":25,"5":11,"6":11,"7":5,"8":11,"9":11,"10":11,"11":7,"12":7,"13":4,"14":4,"15":2},"f":{"0":10,"1":10,"2":36},"b":{"0":[25,11],"1":[5,6],"2":[2,2]},"_coverageSchema":"1a1c01bbd47fc00a2c39e90264f33305004495a9","hash":"46f08a7c626c4afefd6a2b5f4e2fe7910e48f89d"}
,"/home/user/Desktop/bug-tracker/src/store/middleware/logger.js": {"path":"/home/user/Desktop/bug-tracker/src/store/middleware/logger.js","statementMap":{"0":{"start":{"line":1,"column":15},"end":{"line":4,"column":1}},"1":{"start":{"line":1,"column":24},"end":{"line":4,"column":1}},"2":{"start":{"line":1,"column":33},"end":{"line":4,"column":1}},"3":{"start":{"line":1,"column":41},"end":{"line":4,"column":1}},"4":{"start":{"line":2,"column":4},"end":{"line":2,"column":34}},"5":{"start":{"line":3,"column":4},"end":{"line":3,"column":24}}},"fnMap":{"0":{"name":"(anonymous_0)","decl":{"start":{"line":1,"column":15},"end":{"line":1,"column":16}},"loc":{"start":{"line":1,"column":24},"end":{"line":4,"column":1}},"line":1},"1":{"name":"(anonymous_1)","decl":{"start":{"line":1,"column":24},"end":{"line":1,"column":25}},"loc":{"start":{"line":1,"column":33},"end":{"line":4,"column":1}},"line":1},"2":{"name":"(anonymous_2)","decl":{"start":{"line":1,"column":33},"end":{"line":1,"column":34}},"loc":{"start":{"line":1,"column":41},"end":{"line":4,"column":1}},"line":1},"3":{"name":"(anonymous_3)","decl":{"start":{"line":1,"column":41},"end":{"line":1,"column":42}},"loc":{"start":{"line":1,"column":51},"end":{"line":4,"column":1}},"line":1}},"branchMap":{},"s":{"0":1,"1":0,"2":0,"3":0,"4":0,"5":0},"f":{"0":0,"1":0,"2":0,"3":0},"b":{},"_coverageSchema":"1a1c01bbd47fc00a2c39e90264f33305004495a9","hash":"3c098da21f7557cefe891ecb4de1576b43536d9a"}
,"/home/user/Desktop/bug-tracker/src/store/middleware/toast.js": {"path":"/home/user/Desktop/bug-tracker/src/store/middleware/toast.js","statementMap":{"0":{"start":{"line":1,"column":14},"end":{"line":7,"column":1}},"1":{"start":{"line":1,"column":23},"end":{"line":7,"column":1}},"2":{"start":{"line":1,"column":31},"end":{"line":7,"column":1}},"3":{"start":{"line":2,"column":4},"end":{"line":6,"column":5}},"4":{"start":{"line":3,"column":8},"end":{"line":3,"column":55}},"5":{"start":{"line":5,"column":8},"end":{"line":5,"column":28}}},"fnMap":{"0":{"name":"(anonymous_0)","decl":{"start":{"line":1,"column":14},"end":{"line":1,"column":15}},"loc":{"start":{"line":1,"column":23},"end":{"line":7,"column":1}},"line":1},"1":{"name":"(anonymous_1)","decl":{"start":{"line":1,"column":23},"end":{"line":1,"column":24}},"loc":{"start":{"line":1,"column":31},"end":{"line":7,"column":1}},"line":1},"2":{"name":"(anonymous_2)","decl":{"start":{"line":1,"column":31},"end":{"line":1,"column":32}},"loc":{"start":{"line":1,"column":41},"end":{"line":7,"column":1}},"line":1}},"branchMap":{"0":{"loc":{"start":{"line":2,"column":4},"end":{"line":6,"column":5}},"type":"if","locations":[{"start":{"line":2,"column":4},"end":{"line":6,"column":5}},{"start":{"line":2,"column":4},"end":{"line":6,"column":5}}],"line":2}},"s":{"0":1,"1":10,"2":10,"3":36,"4":0,"5":36},"f":{"0":10,"1":10,"2":36},"b":{"0":[0,36]},"_coverageSchema":"1a1c01bbd47fc00a2c39e90264f33305004495a9","hash":"a423d9030b947c7f11b43f727b03f2b756bf242a"}
}
