TN:
SF:src/store/api.js
FNF:0
FNH:0
DA:3,1
DA:4,1
DA:5,1
LF:3
LH:3
BRF:0
BRH:0
end_of_record
TN:
SF:src/store/bugs.js
FN:17,(anonymous_0)
FN:21,(anonymous_1)
FN:25,(anonymous_2)
FN:31,(anonymous_3)
FN:33,(anonymous_4)
FN:37,(anonymous_5)
FN:41,(anonymous_6)
FN:42,(anonymous_7)
FN:46,(anonymous_8)
FN:47,(anonymous_9)
FN:69,(anonymous_10)
FN:69,(anonymous_11)
FN:85,(anonymous_12)
FN:92,(anonymous_13)
FN:101,(anonymous_14)
FN:112,(anonymous_15)
FN:113,(anonymous_16)
FN:114,(anonymous_17)
FN:114,(anonymous_18)
FN:117,(anonymous_19)
FN:119,(anonymous_20)
FN:120,(anonymous_21)
FN:120,(anonymous_22)
FNF:23
FNH:14
FNDA:2,(anonymous_0)
FNDA:5,(anonymous_1)
FNDA:3,(anonymous_2)
FNDA:0,(anonymous_3)
FNDA:0,(anonymous_4)
FNDA:3,(anonymous_5)
FNDA:1,(anonymous_6)
FNDA:1,(anonymous_7)
FNDA:0,(anonymous_8)
FNDA:0,(anonymous_9)
FNDA:6,(anonymous_10)
FNDA:6,(anonymous_11)
FNDA:4,(anonymous_12)
FNDA:2,(anonymous_13)
FNDA:0,(anonymous_14)
FNDA:1,(anonymous_15)
FNDA:1,(anonymous_16)
FNDA:1,(anonymous_17)
FNDA:3,(anonymous_18)
FNDA:0,(anonymous_19)
FNDA:0,(anonymous_20)
FNDA:0,(anonymous_21)
FNDA:0,(anonymous_22)
DA:7,1
DA:18,2
DA:22,5
DA:26,3
DA:27,3
DA:28,3
DA:32,0
DA:33,0
DA:34,0
DA:38,3
DA:42,1
DA:43,1
DA:47,0
DA:62,1
DA:67,1
DA:69,6
DA:70,6
DA:72,6
DA:73,6
DA:75,5
DA:85,4
DA:92,2
DA:101,1
DA:111,1
DA:112,1
DA:113,1
DA:114,3
DA:117,1
DA:118,0
DA:119,0
DA:120,0
LF:31
LH:24
BRDA:73,0,0,1
BRDA:73,0,1,5
BRF:2
BRH:2
end_of_record
TN:
SF:src/store/configureStore.js
FN:7,(anonymous_0)
FNF:1
FNH:1
FNDA:10,(anonymous_0)
DA:8,10
LF:1
LH:1
BRF:0
BRH:0
end_of_record
TN:
SF:src/store/entities.js
FNF:0
FNH:0
LF:0
LH:0
BRF:0
BRH:0
end_of_record
TN:
SF:src/store/projects.js
FN:10,(anonymous_0)
FNF:1
FNH:0
FNDA:0,(anonymous_0)
DA:3,1
DA:5,1
DA:11,0
DA:20,1
LF:4
LH:3
BRF:0
BRH:0
end_of_record
TN:
SF:src/store/reducer.js
FNF:0
FNH:0
LF:0
LH:0
BRF:0
BRH:0
end_of_record
TN:
SF:src/store/users.js
FN:10,(anonymous_0)
FNF:1
FNH:0
FNDA:0,(anonymous_0)
DA:3,1
DA:5,1
DA:11,0
DA:20,1
LF:4
LH:3
BRF:0
BRH:0
end_of_record
TN:
SF:src/store/middleware/api.js
FN:5,(anonymous_0)
FN:5,(anonymous_1)
FN:5,(anonymous_2)
FNF:3
FNH:3
FNDA:10,(anonymous_0)
FNDA:10,(anonymous_1)
FNDA:36,(anonymous_2)
DA:5,10
DA:6,36
DA:9,11
DA:11,11
DA:13,11
DA:15,11
DA:16,11
DA:23,7
DA:25,7
DA:29,4
DA:31,4
LF:11
LH:11
BRDA:6,0,0,25
BRDA:6,0,1,11
BRDA:11,1,0,5
BRDA:11,1,1,6
BRDA:31,2,0,2
BRDA:31,2,1,2
BRF:6
BRH:6
end_of_record
TN:
SF:src/store/middleware/logger.js
FN:1,(anonymous_0)
FN:1,(anonymous_1)
FN:1,(anonymous_2)
FN:1,(anonymous_3)
FNF:4
FNH:0
FNDA:0,(anonymous_0)
FNDA:0,(anonymous_1)
FNDA:0,(anonymous_2)
FNDA:0,(anonymous_3)
DA:1,1
DA:2,0
DA:3,0
LF:3
LH:1
BRF:0
BRH:0
end_of_record
TN:
SF:src/store/middleware/toast.js
FN:1,(anonymous_0)
FN:1,(anonymous_1)
FN:1,(anonymous_2)
FNF:3
FNH:3
FNDA:10,(anonymous_0)
FNDA:10,(anonymous_1)
FNDA:36,(anonymous_2)
DA:1,10
DA:2,36
DA:3,0
DA:5,36
LF:4
LH:3
BRDA:2,0,0,0
BRDA:2,0,1,36
BRF:2
BRH:1
end_of_record
